<?xml version="1.0" encoding="UTF-8"?>
<!-- Generated by org.testng.reporters.JUnitReportReporter -->
<testsuite hostname="vaish" failures="0" tests="1" name="com.naveenAutomationPageTest.LogoutPageTest" time="11.828" errors="0" timestamp="2023-11-13T13:55:51 EST" skipped="0">
  <testcase classname="com.naveenAutomationPageTest.LogoutPageTest" name="validateUserCanLogoutsafely" time="11.828"/>
</testsuite> <!-- com.naveenAutomationPageTest.LogoutPageTest -->
