<?xml version="1.0" encoding="UTF-8"?>
<!-- Generated by org.testng.reporters.JUnitReportReporter -->
<testsuite hostname="vaish" failures="0" tests="1" name="com.naveenAutomationPageTest.RegisterAccountSuccessPageTest" time="7.086" errors="0" timestamp="2023-11-14T11:15:28 EST" skipped="0">
  <testcase classname="com.naveenAutomationPageTest.RegisterAccountSuccessPageTest" name="validateUserCanNavigateBackToToLoginPage" time="7.086"/>
</testsuite> <!-- com.naveenAutomationPageTest.RegisterAccountSuccessPageTest -->
