<?xml version="1.0" encoding="UTF-8"?>
<!-- Generated by org.testng.reporters.JUnitReportReporter -->
<testsuite hostname="vaish" failures="0" tests="3" name="com.naveenAutomationPageTest.JavaScriptExecutorExample" time="15.388" errors="0" timestamp="2023-11-13T13:54:54 EST" skipped="0">
  <testcase classname="com.naveenAutomationPageTest.JavaScriptExecutorExample" name="scrollUsingJavaScriptExecutor" time="4.874"/>
  <testcase classname="com.naveenAutomationPageTest.JavaScriptExecutorExample" name="clickUsingJavaScriptExecutor" time="6.241"/>
  <testcase classname="com.naveenAutomationPageTest.JavaScriptExecutorExample" name="sendKeysUsingJavaScriptExecutor" time="4.273"/>
</testsuite> <!-- com.naveenAutomationPageTest.JavaScriptExecutorExample -->
