<?xml version="1.0" encoding="UTF-8"?>
<!-- Generated by org.testng.reporters.JUnitReportReporter -->
<testsuite hostname="vaish" failures="0" tests="1" name="com.naveenAutomationPageTest.AccountPageTest" time="9.422" errors="0" timestamp="2023-11-14T15:29:42 EST" skipped="0">
  <testcase classname="com.naveenAutomationPageTest.AccountPageTest" name="validateUserCanAccessTransactionsPage" time="9.422"/>
</testsuite> <!-- com.naveenAutomationPageTest.AccountPageTest -->
