<?xml version="1.0" encoding="UTF-8"?>
<!-- Generated by org.testng.reporters.JUnitReportReporter -->
<testsuite hostname="vaish" failures="0" tests="3" name="com.naveenAutomationPageTest.LoginPageTest" time="19.176" errors="0" timestamp="2023-11-13T13:55:22 EST" skipped="0">
  <testcase classname="com.naveenAutomationPageTest.LoginPageTest" name="validateUserCanNotLoginWithInValidCredentials" time="6.054"/>
  <testcase classname="com.naveenAutomationPageTest.LoginPageTest" name="validateUserIsAbleToNavigateToForgottenPasswordPage" time="5.798"/>
  <testcase classname="com.naveenAutomationPageTest.LoginPageTest" name="validateUserCanLoginWithValidCredentials" time="7.324"/>
</testsuite> <!-- com.naveenAutomationPageTest.LoginPageTest -->
