<?xml version="1.0" encoding="UTF-8"?>
<!-- Generated by org.testng.reporters.JUnitReportReporter -->
<testsuite hostname="vaish" failures="0" tests="3" name="com.naveenAutomationPageTest.AddressBookEntriesPageTest" time="62.060" errors="0" timestamp="2023-11-13T13:53:56 EST" skipped="0">
  <testcase classname="com.naveenAutomationPageTest.AddressBookEntriesPageTest" name="validateUserCanAddNewAddressToAddressBook" time="19.826"/>
  <testcase classname="com.naveenAutomationPageTest.AddressBookEntriesPageTest" name="validateUserCanAddNewAddressToAddressBook" time="34.491"/>
  <testcase classname="com.naveenAutomationPageTest.AddressBookEntriesPageTest" name="validateUserCanNavigateToAddressBook" time="7.743"/>
</testsuite> <!-- com.naveenAutomationPageTest.AddressBookEntriesPageTest -->
