<?xml version="1.0" encoding="UTF-8"?>
<!-- Generated by org.testng.reporters.JUnitReportReporter -->
<testsuite hostname="vaish" failures="0" tests="2" name="com.naveenAutomationPageTest.ViewProductReturnsPageTest" time="16.897" errors="0" timestamp="2023-11-13T13:56:31 EST" skipped="0">
  <testcase classname="com.naveenAutomationPageTest.ViewProductReturnsPageTest" name="validateNavigationBackToAccountPage" time="7.371"/>
  <testcase classname="com.naveenAutomationPageTest.ViewProductReturnsPageTest" name="validateNavigationToViewProductReturnsPage" time="9.526"/>
</testsuite> <!-- com.naveenAutomationPageTest.ViewProductReturnsPageTest -->
