<?xml version="1.0" encoding="UTF-8"?>
<!-- Generated by org.testng.reporters.JUnitReportReporter -->
<testsuite hostname="vaish" failures="0" tests="10" name="com.naveenAutomationPageTest.AccountPageTest" time="8.669" errors="0" timestamp="2023-11-19T16:07:59 EST" skipped="9">
  <testcase classname="com.naveenAutomationPageTest.AccountPageTest" name="validateUserCanEditPersonalInfo" time="8.669"/>
  <system-out/>
  <testcase classname="com.naveenAutomationPageTest.AccountPageTest" name="validateUserCanAccessAddressBook">
    <skipped/>
  </testcase> <!-- validateUserCanAccessAddressBook -->
  <system-out/>
  <testcase classname="com.naveenAutomationPageTest.AccountPageTest" name="validateUserCanAccessTransactionsPage">
    <skipped/>
  </testcase> <!-- validateUserCanAccessTransactionsPage -->
  <system-out/>
  <testcase classname="com.naveenAutomationPageTest.AccountPageTest" name="validateUserCanUpdateWishList">
    <skipped/>
  </testcase> <!-- validateUserCanUpdateWishList -->
  <system-out/>
  <testcase classname="com.naveenAutomationPageTest.AccountPageTest" name="validateUserCanChangePassword">
    <skipped/>
  </testcase> <!-- validateUserCanChangePassword -->
  <system-out/>
  <testcase classname="com.naveenAutomationPageTest.AccountPageTest" name="validateUserCanAccessRewardPointsPage">
    <skipped/>
  </testcase> <!-- validateUserCanAccessRewardPointsPage -->
  <system-out/>
  <testcase classname="com.naveenAutomationPageTest.AccountPageTest" name="validateUserCanUpdateNewsLetterSubscription">
    <skipped/>
  </testcase> <!-- validateUserCanUpdateNewsLetterSubscription -->
  <system-out/>
  <testcase classname="com.naveenAutomationPageTest.AccountPageTest" name="validateUserCanAccessOrderHistory">
    <skipped/>
  </testcase> <!-- validateUserCanAccessOrderHistory -->
  <system-out/>
  <testcase classname="com.naveenAutomationPageTest.AccountPageTest" name="validateUserCanAccessRecurringPaymentsPage">
    <skipped/>
  </testcase> <!-- validateUserCanAccessRecurringPaymentsPage -->
  <system-out/>
  <testcase classname="com.naveenAutomationPageTest.AccountPageTest" name="validateUserCanAccessDownloadsPage">
    <skipped/>
  </testcase> <!-- validateUserCanAccessDownloadsPage -->
  <system-out/>
</testsuite> <!-- com.naveenAutomationPageTest.AccountPageTest -->
