<?xml version="1.0" encoding="UTF-8"?>
<!-- Generated by org.testng.reporters.JUnitReportReporter -->
<testsuite hostname="vaish" failures="0" tests="5" name="com.naveenAutomationPageTest.EditAccountPageTest" time="86.219" errors="0" timestamp="2023-11-15T16:44:54 EST" skipped="0">
  <testcase classname="com.naveenAutomationPageTest.EditAccountPageTest" name="validateFirstNameCharactersAreWithinRange" time="9.125"/>
  <system-out/>
  <testcase classname="com.naveenAutomationPageTest.EditAccountPageTest" name="validateUserCanNotSkipEmail" time="23.390"/>
  <system-out/>
  <testcase classname="com.naveenAutomationPageTest.EditAccountPageTest" name="validateUserCanNotSkipLastName" time="35.396"/>
  <system-out/>
  <testcase classname="com.naveenAutomationPageTest.EditAccountPageTest" name="validateUserCanNotSkipFirstName" time="8.445"/>
  <system-out/>
  <testcase classname="com.naveenAutomationPageTest.EditAccountPageTest" name="validateLastNameCharactersAreWithinRange" time="9.863"/>
  <system-out/>
</testsuite> <!-- com.naveenAutomationPageTest.EditAccountPageTest -->
