<?xml version="1.0" encoding="UTF-8"?>
<!-- Generated by org.testng.reporters.JUnitReportReporter -->
<testsuite hostname="vaish" failures="0" tests="2" name="com.naveenAutomationPageTest.ViewProductReturnsPageTest" time="16.708" errors="0" timestamp="2023-11-15T16:44:54 EST" skipped="0">
  <testcase classname="com.naveenAutomationPageTest.ViewProductReturnsPageTest" name="validateNavigationToViewProductReturnsPage" time="8.677"/>
  <system-out/>
  <testcase classname="com.naveenAutomationPageTest.ViewProductReturnsPageTest" name="validateNavigationBackToAccountPage" time="8.031"/>
  <system-out/>
</testsuite> <!-- com.naveenAutomationPageTest.ViewProductReturnsPageTest -->
