<?xml version="1.0" encoding="UTF-8"?>
<!-- Generated by org.testng.reporters.JUnitReportReporter -->
<testsuite hostname="vaish" failures="0" tests="11" name="com.naveenAutomationPageTest.RegisterAccountPageTest" time="40.129" errors="0" timestamp="2023-11-19T16:07:59 EST" skipped="5">
  <testcase classname="com.naveenAutomationPageTest.RegisterAccountPageTest" name="validateUserCanNotEnterInvalidTelephone" time="5.767"/>
  <system-out/>
  <testcase classname="com.naveenAutomationPageTest.RegisterAccountPageTest" name="validateUserCanNotSkipConfirmPassword" time="8.534"/>
  <system-out/>
  <testcase classname="com.naveenAutomationPageTest.RegisterAccountPageTest" name="validateUserCanNotSkipEmail" time="5.771"/>
  <system-out/>
  <testcase classname="com.naveenAutomationPageTest.RegisterAccountPageTest" name="validateUserCanNotSkipLastName" time="7.732"/>
  <system-out/>
  <testcase classname="com.naveenAutomationPageTest.RegisterAccountPageTest" name="validateUserCanNotSkipPassword" time="6.034"/>
  <system-out/>
  <testcase classname="com.naveenAutomationPageTest.RegisterAccountPageTest" name="validateUserCanNavigateToRegisterAccount" time="6.291"/>
  <system-out/>
  <testcase classname="com.naveenAutomationPageTest.RegisterAccountPageTest" name="validateUserIsAbleToRegisterWithValidInfo">
    <skipped/>
  </testcase> <!-- validateUserIsAbleToRegisterWithValidInfo -->
  <system-out/>
  <testcase classname="com.naveenAutomationPageTest.RegisterAccountPageTest" name="validateUserCheckEDPrivacyPolicyCheckBox">
    <skipped/>
  </testcase> <!-- validateUserCheckEDPrivacyPolicyCheckBox -->
  <system-out/>
  <testcase classname="com.naveenAutomationPageTest.RegisterAccountPageTest" name="validateUserCanNotEnterInvalidLastName">
    <skipped/>
  </testcase> <!-- validateUserCanNotEnterInvalidLastName -->
  <system-out/>
  <testcase classname="com.naveenAutomationPageTest.RegisterAccountPageTest" name="validateUserCanNotSkipFirstName">
    <skipped/>
  </testcase> <!-- validateUserCanNotSkipFirstName -->
  <system-out/>
  <testcase classname="com.naveenAutomationPageTest.RegisterAccountPageTest" name="validateUserCanNotEnterInvalidFirstName">
    <skipped/>
  </testcase> <!-- validateUserCanNotEnterInvalidFirstName -->
  <system-out/>
</testsuite> <!-- com.naveenAutomationPageTest.RegisterAccountPageTest -->
