<?xml version="1.0" encoding="UTF-8"?>
<!-- Generated by org.testng.reporters.JUnitReportReporter -->
<testsuite hostname="vaish" failures="0" tests="11" name="com.naveenAutomationPageTest.RegisterAccountPageTest" time="37.230" errors="0" timestamp="2023-11-19T17:21:59 EST" skipped="5">
  <testcase classname="com.naveenAutomationPageTest.RegisterAccountPageTest" name="validateUserCanNotEnterInvalidTelephone" time="6.507"/>
  <system-out/>
  <testcase classname="com.naveenAutomationPageTest.RegisterAccountPageTest" name="validateUserCanNotSkipEmail" time="6.569"/>
  <system-out/>
  <testcase classname="com.naveenAutomationPageTest.RegisterAccountPageTest" name="validateUserCanNavigateToRegisterAccount" time="5.221"/>
  <system-out/>
  <testcase classname="com.naveenAutomationPageTest.RegisterAccountPageTest" name="validateUserCanNotSkipConfirmPassword" time="6.254"/>
  <system-out/>
  <testcase classname="com.naveenAutomationPageTest.RegisterAccountPageTest" name="validateUserCanNotSkipLastName" time="6.389"/>
  <system-out/>
  <testcase classname="com.naveenAutomationPageTest.RegisterAccountPageTest" name="validateUserCanNotSkipPassword" time="6.290"/>
  <system-out/>
  <testcase classname="com.naveenAutomationPageTest.RegisterAccountPageTest" name="validateUserIsAbleToRegisterWithValidInfo">
    <skipped/>
  </testcase> <!-- validateUserIsAbleToRegisterWithValidInfo -->
  <system-out/>
  <testcase classname="com.naveenAutomationPageTest.RegisterAccountPageTest" name="validateUserCheckEDPrivacyPolicyCheckBox">
    <skipped/>
  </testcase> <!-- validateUserCheckEDPrivacyPolicyCheckBox -->
  <system-out/>
  <testcase classname="com.naveenAutomationPageTest.RegisterAccountPageTest" name="validateUserCanNotEnterInvalidLastName">
    <skipped/>
  </testcase> <!-- validateUserCanNotEnterInvalidLastName -->
  <system-out/>
  <testcase classname="com.naveenAutomationPageTest.RegisterAccountPageTest" name="validateUserCanNotSkipFirstName">
    <skipped/>
  </testcase> <!-- validateUserCanNotSkipFirstName -->
  <system-out/>
  <testcase classname="com.naveenAutomationPageTest.RegisterAccountPageTest" name="validateUserCanNotEnterInvalidFirstName">
    <skipped/>
  </testcase> <!-- validateUserCanNotEnterInvalidFirstName -->
  <system-out/>
</testsuite> <!-- com.naveenAutomationPageTest.RegisterAccountPageTest -->
