<?xml version="1.0" encoding="UTF-8"?>
<!-- Generated by org.testng.reporters.JUnitReportReporter -->
<testsuite hostname="vaish" failures="0" tests="3" name="com.naveenAutomationPageTest.AddressBookEntriesPageTest" time="38.262" errors="0" timestamp="2023-11-15T16:44:54 EST" skipped="0">
  <testcase classname="com.naveenAutomationPageTest.AddressBookEntriesPageTest" name="validateUserCanAddNewAddressToAddressBook" time="14.964"/>
  <system-out/>
  <testcase classname="com.naveenAutomationPageTest.AddressBookEntriesPageTest" name="validateUserCanNavigateToAddressBook" time="8.680"/>
  <system-out/>
  <testcase classname="com.naveenAutomationPageTest.AddressBookEntriesPageTest" name="validateUserCanAddNewAddressToAddressBook" time="14.618"/>
  <system-out/>
</testsuite> <!-- com.naveenAutomationPageTest.AddressBookEntriesPageTest -->
