<?xml version="1.0" encoding="UTF-8"?>
<!-- Generated by org.testng.reporters.JUnitReportReporter -->
<testsuite hostname="vaish" failures="0" tests="10" name="com.naveenAutomationPageTest.AccountPageTest" time="78.363" errors="0" timestamp="2023-11-15T16:44:54 EST" skipped="0">
  <testcase classname="com.naveenAutomationPageTest.AccountPageTest" name="validateUserCanChangePassword" time="9.860"/>
  <system-out/>
  <testcase classname="com.naveenAutomationPageTest.AccountPageTest" name="validateUserCanAccessRecurringPaymentsPage" time="6.810"/>
  <system-out/>
  <testcase classname="com.naveenAutomationPageTest.AccountPageTest" name="validateUserCanAccessTransactionsPage" time="7.687"/>
  <system-out/>
  <testcase classname="com.naveenAutomationPageTest.AccountPageTest" name="validateUserCanAccessAddressBook" time="6.995"/>
  <system-out/>
  <testcase classname="com.naveenAutomationPageTest.AccountPageTest" name="validateUserCanUpdateNewsLetterSubscription" time="7.861"/>
  <system-out/>
  <testcase classname="com.naveenAutomationPageTest.AccountPageTest" name="validateUserCanEditPersonalInfo" time="8.300"/>
  <system-out/>
  <testcase classname="com.naveenAutomationPageTest.AccountPageTest" name="validateUserCanUpdateWishList" time="7.082"/>
  <system-out/>
  <testcase classname="com.naveenAutomationPageTest.AccountPageTest" name="validateUserCanAccessRewardPointsPage" time="8.880"/>
  <system-out/>
  <testcase classname="com.naveenAutomationPageTest.AccountPageTest" name="validateUserCanAccessOrderHistory" time="7.084"/>
  <system-out/>
  <testcase classname="com.naveenAutomationPageTest.AccountPageTest" name="validateUserCanAccessDownloadsPage" time="7.804"/>
  <system-out/>
</testsuite> <!-- com.naveenAutomationPageTest.AccountPageTest -->
