<?xml version="1.0" encoding="UTF-8"?>
<!-- Generated by org.testng.reporters.JUnitReportReporter -->
<testsuite hostname="vaish" failures="0" tests="1" name="com.naveenAutomationPageTest.LogoutPageTest" time="8.790" errors="0" timestamp="2023-11-15T16:44:54 EST" skipped="0">
  <testcase classname="com.naveenAutomationPageTest.LogoutPageTest" name="validateUserCanLogoutsafely" time="8.790"/>
  <system-out/>
</testsuite> <!-- com.naveenAutomationPageTest.LogoutPageTest -->
