<?xml version="1.0" encoding="UTF-8"?>
<!-- Generated by org.testng.reporters.JUnitReportReporter -->
<testsuite hostname="vaish" failures="0" tests="3" name="com.naveenAutomationPageTest.LoginPageTest" time="17.221" errors="0" timestamp="2023-11-15T16:44:54 EST" skipped="0">
  <testcase classname="com.naveenAutomationPageTest.LoginPageTest" name="validateUserCanNotLoginWithInValidPassword" time="6.576"/>
  <system-out/>
  <testcase classname="com.naveenAutomationPageTest.LoginPageTest" name="validateUserIsAbleToNavigateToForgottenPasswordPage" time="4.832"/>
  <system-out/>
  <testcase classname="com.naveenAutomationPageTest.LoginPageTest" name="validateUserCanLoginWithValidCredentials" time="5.813"/>
  <system-out/>
</testsuite> <!-- com.naveenAutomationPageTest.LoginPageTest -->
